c:\users\mds3d\repos\cheat-engine\dbkkernel\x64\release\vc142.pdb
c:\users\mds3d\repos\cheat-engine\dbkkernel\x64\release\vmxoffload.obj
c:\users\mds3d\repos\cheat-engine\dbkkernel\x64\release\vmxhelper.obj
c:\users\mds3d\repos\cheat-engine\dbkkernel\x64\release\apic.obj
c:\users\mds3d\repos\cheat-engine\dbkkernel\x64\release\ultimap2.obj
c:\users\mds3d\repos\cheat-engine\dbkkernel\x64\release\ultimap.obj
c:\users\mds3d\repos\cheat-engine\dbkkernel\x64\release\threads.obj
c:\users\mds3d\repos\cheat-engine\dbkkernel\x64\release\processlist.obj
c:\users\mds3d\repos\cheat-engine\dbkkernel\x64\release\noexceptions.obj
c:\users\mds3d\repos\cheat-engine\dbkkernel\x64\release\memscan.obj
c:\users\mds3d\repos\cheat-engine\dbkkernel\x64\release\iopldispatcher.obj
c:\users\mds3d\repos\cheat-engine\dbkkernel\x64\release\interrupthook.obj
c:\users\mds3d\repos\cheat-engine\dbkkernel\x64\release\deepkernel.obj
c:\users\mds3d\repos\cheat-engine\dbkkernel\x64\release\debugger.obj
c:\users\mds3d\repos\cheat-engine\dbkkernel\x64\release\dbkfunc.obj
c:\users\mds3d\repos\cheat-engine\dbkkernel\x64\release\dbkdrvr.obj
c:\users\mds3d\repos\cheat-engine\dbkkernel\x64\release\sigcheck.obj
c:\users\mds3d\repos\cheat-engine\cheat engine\bin\dbkkernel\dbk64.cat
c:\users\mds3d\repos\cheat-engine\cheat engine\bin\dbk64.sys
c:\users\mds3d\repos\cheat-engine\cheat engine\bin\dbk64.pdb
c:\users\mds3d\repos\cheat-engine\dbkkernel\x64\release\dbkfunca.obj
c:\users\mds3d\repos\cheat-engine\dbkkernel\x64\release\debuggera.obj
c:\users\mds3d\repos\cheat-engine\dbkkernel\x64\release\noexceptionsa.obj
c:\users\mds3d\repos\cheat-engine\dbkkernel\x64\release\ultimapa.obj
c:\users\mds3d\repos\cheat-engine\dbkkernel\x64\release\vmxhelpera.obj
c:\users\mds3d\repos\cheat-engine\dbkkernel\x64\release\vmxoffloada.obj
c:\users\mds3d\repos\cheat-engine\dbkkernel\x64\release\dbk64.inf
c:\users\mds3d\repos\cheat-engine\dbkkernel\x64\release\dbkkernel.tlog\cl.command.1.tlog
c:\users\mds3d\repos\cheat-engine\dbkkernel\x64\release\dbkkernel.tlog\cl.read.1.tlog
c:\users\mds3d\repos\cheat-engine\dbkkernel\x64\release\dbkkernel.tlog\cl.write.1.tlog
c:\users\mds3d\repos\cheat-engine\dbkkernel\x64\release\dbkkernel.tlog\inf2cat-expand.11484.read.1.tlog
c:\users\mds3d\repos\cheat-engine\dbkkernel\x64\release\dbkkernel.tlog\inf2cat-expand.11484.write.1.tlog
c:\users\mds3d\repos\cheat-engine\dbkkernel\x64\release\dbkkernel.tlog\inf2cat-expand.1548.read.1.tlog
c:\users\mds3d\repos\cheat-engine\dbkkernel\x64\release\dbkkernel.tlog\inf2cat-expand.1548.write.1.tlog
c:\users\mds3d\repos\cheat-engine\dbkkernel\x64\release\dbkkernel.tlog\inf2cat-expand.read.1.tlog
c:\users\mds3d\repos\cheat-engine\dbkkernel\x64\release\dbkkernel.tlog\inf2cat-expand.write.1.tlog
c:\users\mds3d\repos\cheat-engine\dbkkernel\x64\release\dbkkernel.tlog\inf2cat.command.1.tlog
c:\users\mds3d\repos\cheat-engine\dbkkernel\x64\release\dbkkernel.tlog\inf2cat.read.1.tlog
c:\users\mds3d\repos\cheat-engine\dbkkernel\x64\release\dbkkernel.tlog\inf2cat.write.1.tlog
c:\users\mds3d\repos\cheat-engine\dbkkernel\x64\release\dbkkernel.tlog\inf2cat.write.8.tlog
c:\users\mds3d\repos\cheat-engine\dbkkernel\x64\release\dbkkernel.tlog\link.command.1.tlog
c:\users\mds3d\repos\cheat-engine\dbkkernel\x64\release\dbkkernel.tlog\link.read.1.tlog
c:\users\mds3d\repos\cheat-engine\dbkkernel\x64\release\dbkkernel.tlog\link.write.1.tlog
c:\users\mds3d\repos\cheat-engine\dbkkernel\x64\release\dbkkernel.tlog\masm.read.1u.tlog
c:\users\mds3d\repos\cheat-engine\dbkkernel\x64\release\dbkkernel.tlog\masm.write.1u.tlog
c:\users\mds3d\repos\cheat-engine\dbkkernel\x64\release\dbkkernel.tlog\signtool.command.1.tlog
c:\users\mds3d\repos\cheat-engine\dbkkernel\x64\release\dbkkernel.tlog\signtool.read.1.tlog
c:\users\mds3d\repos\cheat-engine\dbkkernel\x64\release\dbkkernel.tlog\signtool.timestamp.1.tlog
c:\users\mds3d\repos\cheat-engine\dbkkernel\x64\release\dbkkernel.tlog\signtool.write.1.tlog
c:\users\mds3d\repos\cheat-engine\dbkkernel\x64\release\dbkkernel.tlog\stampinf.command.1.tlog
c:\users\mds3d\repos\cheat-engine\dbkkernel\x64\release\dbkkernel.tlog\stampinf.read.1.tlog
c:\users\mds3d\repos\cheat-engine\dbkkernel\x64\release\dbkkernel.tlog\stampinf.write.1.tlog
