c:\users\mds3d\repos\cheat-engine\dbkkernel\x64\debug\vc142.pdb
c:\users\mds3d\repos\cheat-engine\dbkkernel\x64\debug\vmxoffload.obj
c:\users\mds3d\repos\cheat-engine\dbkkernel\x64\debug\vmxhelper.obj
c:\users\mds3d\repos\cheat-engine\dbkkernel\x64\debug\apic.obj
c:\users\mds3d\repos\cheat-engine\dbkkernel\x64\debug\ultimap2.obj
c:\users\mds3d\repos\cheat-engine\dbkkernel\x64\debug\ultimap.obj
c:\users\mds3d\repos\cheat-engine\dbkkernel\x64\debug\threads.obj
c:\users\mds3d\repos\cheat-engine\dbkkernel\x64\debug\processlist.obj
c:\users\mds3d\repos\cheat-engine\dbkkernel\x64\debug\noexceptions.obj
c:\users\mds3d\repos\cheat-engine\dbkkernel\x64\debug\memscan.obj
c:\users\mds3d\repos\cheat-engine\dbkkernel\x64\debug\iopldispatcher.obj
c:\users\mds3d\repos\cheat-engine\dbkkernel\x64\debug\interrupthook.obj
c:\users\mds3d\repos\cheat-engine\dbkkernel\x64\debug\deepkernel.obj
c:\users\mds3d\repos\cheat-engine\dbkkernel\x64\debug\debugger.obj
c:\users\mds3d\repos\cheat-engine\dbkkernel\x64\debug\dbkfunc.obj
c:\users\mds3d\repos\cheat-engine\dbkkernel\x64\debug\dbkdrvr.obj
c:\users\mds3d\repos\cheat-engine\cheat engine\bin\dbk64.sys
c:\users\mds3d\repos\cheat-engine\cheat engine\bin\dbk64.pdb
c:\users\mds3d\repos\cheat-engine\dbkkernel\x64\debug\dbkfunca.obj
c:\users\mds3d\repos\cheat-engine\dbkkernel\x64\debug\debuggera.obj
c:\users\mds3d\repos\cheat-engine\dbkkernel\x64\debug\noexceptionsa.obj
c:\users\mds3d\repos\cheat-engine\dbkkernel\x64\debug\ultimapa.obj
c:\users\mds3d\repos\cheat-engine\dbkkernel\x64\debug\vmxhelpera.obj
c:\users\mds3d\repos\cheat-engine\dbkkernel\x64\debug\vmxoffloada.obj
c:\users\mds3d\repos\cheat-engine\dbkkernel\x64\debug\dbk64.inf
c:\users\mds3d\repos\cheat-engine\dbkkernel\x64\debug\dbkkernel.tlog\cl.command.1.tlog
c:\users\mds3d\repos\cheat-engine\dbkkernel\x64\debug\dbkkernel.tlog\cl.read.1.tlog
c:\users\mds3d\repos\cheat-engine\dbkkernel\x64\debug\dbkkernel.tlog\cl.write.1.tlog
c:\users\mds3d\repos\cheat-engine\dbkkernel\x64\debug\dbkkernel.tlog\link.command.1.tlog
c:\users\mds3d\repos\cheat-engine\dbkkernel\x64\debug\dbkkernel.tlog\link.read.1.tlog
c:\users\mds3d\repos\cheat-engine\dbkkernel\x64\debug\dbkkernel.tlog\link.write.1.tlog
c:\users\mds3d\repos\cheat-engine\dbkkernel\x64\debug\dbkkernel.tlog\masm.read.1u.tlog
c:\users\mds3d\repos\cheat-engine\dbkkernel\x64\debug\dbkkernel.tlog\masm.write.1u.tlog
c:\users\mds3d\repos\cheat-engine\dbkkernel\x64\debug\dbkkernel.tlog\signtool.command.1.tlog
c:\users\mds3d\repos\cheat-engine\dbkkernel\x64\debug\dbkkernel.tlog\signtool.read.1.tlog
c:\users\mds3d\repos\cheat-engine\dbkkernel\x64\debug\dbkkernel.tlog\signtool.timestamp.1.tlog
c:\users\mds3d\repos\cheat-engine\dbkkernel\x64\debug\dbkkernel.tlog\signtool.write.1.tlog
c:\users\mds3d\repos\cheat-engine\dbkkernel\x64\debug\dbkkernel.tlog\stampinf.command.1.tlog
c:\users\mds3d\repos\cheat-engine\dbkkernel\x64\debug\dbkkernel.tlog\stampinf.read.1.tlog
c:\users\mds3d\repos\cheat-engine\dbkkernel\x64\debug\dbkkernel.tlog\stampinf.write.1.tlog
