  Building 'DBKKernel' with toolset 'WindowsKernelModeDriver10.0' and the 'Desktop' target platform.
  Stamping x64\Debug\DBK64.inf
  Stamping [Version] section with DriverVer=04/24/2021,18.19.33.925
C:\Users\mds3d\repos\cheat-engine\DBKKernel\DBK64.inf(5-5): warning 1324: [Version] section should specify PnpLockdown=1.
  Assembling amd64\dbkfunca.asm...
  Assembling amd64\debuggera.asm...
  Assembling amd64\noexceptionsa.asm...
  Assembling amd64\ultimapa.asm...
  Assembling amd64\vmxhelpera.asm...
  Assembling amd64\vmxoffloada.asm...
  DBKDrvr.c
  DBKFunc.c
  debugger.c
  deepkernel.c
  interruptHook.c
  IOPLDispatcher.c
  memscan.c
  noexceptions.c
  processlist.c
  threads.c
  ultimap.c
  ultimap2.c
  apic.c
  vmxhelper.c
  vmxoffload.c
  Generating Code...
  DBKKernel.vcxproj -> C:\Users\mds3d\repos\cheat-engine\Cheat Engine\bin\DBK64.sys
  Done Adding Additional Store
  Successfully signed: C:\Users\mds3d\repos\cheat-engine\Cheat Engine\bin\DBK64.sys
  
